<?xml version="1.0" encoding="UTF-8"?>
<testng-results skipped="0" failed="0" total="2" passed="2">
  <reporter-output>
  </reporter-output>
  <suite name="Suite" duration-ms="24129" started-at="2015-09-03T07:19:23Z" finished-at="2015-09-03T07:19:47Z">
    <groups>
    </groups>
    <test name="Test" duration-ms="24129" started-at="2015-09-03T07:19:23Z" finished-at="2015-09-03T07:19:47Z">
      <class name="Automationtest.mavntest.SanityTest">
        <test-method status="PASS" signature="bc()[pri:0, instance:Automationtest.mavntest.SanityTest@2083fc73]" name="bc" is-config="true" duration-ms="21392" started-at="2015-09-03T12:49:23Z" finished-at="2015-09-03T12:49:44Z">
          <reporter-output>
          </reporter-output>
        </test-method> <!-- bc -->
        <test-method status="PASS" signature="verifytitle()[pri:0, instance:Automationtest.mavntest.SanityTest@2083fc73]" name="verifytitle" duration-ms="218" started-at="2015-09-03T12:49:44Z" finished-at="2015-09-03T12:49:44Z">
          <reporter-output>
          </reporter-output>
        </test-method> <!-- verifytitle -->
        <test-method status="PASS" signature="testdictonpage()[pri:0, instance:Automationtest.mavntest.SanityTest@2083fc73]" name="testdictonpage" duration-ms="2452" started-at="2015-09-03T12:49:44Z" finished-at="2015-09-03T12:49:47Z">
          <reporter-output>
          </reporter-output>
        </test-method> <!-- testdictonpage -->
        <test-method status="PASS" signature="ac()[pri:0, instance:Automationtest.mavntest.SanityTest@2083fc73]" name="ac" is-config="true" duration-ms="53" started-at="2015-09-03T12:49:47Z" finished-at="2015-09-03T12:49:47Z">
          <reporter-output>
          </reporter-output>
        </test-method> <!-- ac -->
      </class> <!-- Automationtest.mavntest.SanityTest -->
    </test> <!-- Test -->
  </suite> <!-- Suite -->
</testng-results>
