<?xml version="1.0" encoding="UTF-8"?>
<testng-results skipped="0" failed="0" total="2" passed="2">
  <reporter-output>
  </reporter-output>
  <suite name="Suite" duration-ms="41518" started-at="2015-09-03T08:56:59Z" finished-at="2015-09-03T08:57:41Z">
    <groups>
    </groups>
    <test name="Test" duration-ms="41518" started-at="2015-09-03T08:56:59Z" finished-at="2015-09-03T08:57:41Z">
      <class name="Automationtest.mavntest.SanityTest">
        <test-method status="PASS" signature="bc()[pri:0, instance:Automationtest.mavntest.SanityTest@159f9744]" name="bc" is-config="true" duration-ms="38375" started-at="2015-09-03T14:26:59Z" finished-at="2015-09-03T14:27:38Z">
          <reporter-output>
          </reporter-output>
        </test-method> <!-- bc -->
        <test-method status="PASS" signature="verifytitle()[pri:0, instance:Automationtest.mavntest.SanityTest@159f9744]" name="verifytitle" duration-ms="226" started-at="2015-09-03T14:27:38Z" finished-at="2015-09-03T14:27:38Z">
          <reporter-output>
          </reporter-output>
        </test-method> <!-- verifytitle -->
        <test-method status="PASS" signature="testdictonpage()[pri:0, instance:Automationtest.mavntest.SanityTest@159f9744]" name="testdictonpage" duration-ms="2853" started-at="2015-09-03T14:27:38Z" finished-at="2015-09-03T14:27:41Z">
          <reporter-output>
          </reporter-output>
        </test-method> <!-- testdictonpage -->
        <test-method status="PASS" signature="ac()[pri:0, instance:Automationtest.mavntest.SanityTest@159f9744]" name="ac" is-config="true" duration-ms="53" started-at="2015-09-03T14:27:41Z" finished-at="2015-09-03T14:27:41Z">
          <reporter-output>
          </reporter-output>
        </test-method> <!-- ac -->
      </class> <!-- Automationtest.mavntest.SanityTest -->
    </test> <!-- Test -->
  </suite> <!-- Suite -->
</testng-results>
